{"D:\\Kab\\chores\\Solve-it\\E-Learning-Platform\\src\\server.ts": {"path":"D:\\Kab\\chores\\Solve-it\\E-Learning-Platform\\src\\server.ts","statementMap":{"0":{"start":{"line":1,"column":0},"end":{"line":1,"column":23}},"1":{"start":{"line":2,"column":0},"end":{"line":2,"column":30}},"2":{"start":{"line":3,"column":0},"end":{"line":3,"column":46}},"3":{"start":{"line":4,"column":0},"end":{"line":4,"column":52}},"4":{"start":{"line":7,"column":12},"end":{"line":7,"column":21}},"5":{"start":{"line":8,"column":13},"end":{"line":8,"column":37}},"6":{"start":{"line":9,"column":15},"end":{"line":9,"column":46}},"7":{"start":{"line":11,"column":0},"end":{"line":11,"column":24}},"8":{"start":{"line":12,"column":0},"end":{"line":12,"column":38}},"9":{"start":{"line":13,"column":0},"end":{"line":13,"column":44}},"10":{"start":{"line":15,"column":0},"end":{"line":15,"column":64}},"11":{"start":{"line":15,"column":27},"end":{"line":15,"column":62}},"12":{"start":{"line":17,"column":15},"end":{"line":19,"column":2}},"13":{"start":{"line":18,"column":2},"end":{"line":18,"column":48}},"14":{"start":{"line":22,"column":9},"end":{"line":22,"column":15}},"15":{"start":{"line":21,"column":0},"end":{"line":21,"column":19}}},"fnMap":{"0":{"name":"(anonymous_1)","decl":{"start":{"line":15,"column":13},"end":{"line":15,"column":14}},"loc":{"start":{"line":15,"column":27},"end":{"line":15,"column":62}}},"1":{"name":"(anonymous_2)","decl":{"start":{"line":17,"column":32},"end":{"line":17,"column":35}},"loc":{"start":{"line":17,"column":37},"end":{"line":19,"column":1}}}},"branchMap":{"0":{"loc":{"start":{"line":8,"column":13},"end":{"line":8,"column":37}},"type":"binary-expr","locations":[{"start":{"line":8,"column":13},"end":{"line":8,"column":29}},{"start":{"line":8,"column":33},"end":{"line":8,"column":37}}]},"1":{"loc":{"start":{"line":9,"column":15},"end":{"line":9,"column":46}},"type":"binary-expr","locations":[{"start":{"line":9,"column":15},"end":{"line":9,"column":33}},{"start":{"line":9,"column":37},"end":{"line":9,"column":46}}]}},"s":{"0":2,"1":2,"2":2,"3":2,"4":2,"5":2,"6":2,"7":2,"8":2,"9":2,"10":2,"11":0,"12":2,"13":2,"14":2,"15":2},"f":{"0":0,"1":2},"b":{"0":[2,0],"1":[2,0]}}
,"D:\\Kab\\chores\\Solve-it\\E-Learning-Platform\\src\\config\\jwt.config.ts": {"path":"D:\\Kab\\chores\\Solve-it\\E-Learning-Platform\\src\\config\\jwt.config.ts","statementMap":{"0":{"start":{"line":1,"column":13},"end":{"line":1,"column":68}},"1":{"start":{"line":2,"column":13},"end":{"line":2,"column":35}}},"fnMap":{},"branchMap":{"0":{"loc":{"start":{"line":1,"column":26},"end":{"line":1,"column":67}},"type":"binary-expr","locations":[{"start":{"line":1,"column":26},"end":{"line":1,"column":48}},{"start":{"line":1,"column":52},"end":{"line":1,"column":67}}]}},"s":{"0":2,"1":2},"f":{},"b":{"0":[2,0]}}
,"D:\\Kab\\chores\\Solve-it\\E-Learning-Platform\\src\\controllers\\auth.controller.ts": {"path":"D:\\Kab\\chores\\Solve-it\\E-Learning-Platform\\src\\controllers\\auth.controller.ts","statementMap":{"0":{"start":{"line":6,"column":0},"end":{"line":6,"column":7}},"1":{"start":{"line":21,"column":0},"end":{"line":21,"column":7}},"2":{"start":{"line":1,"column":0},"end":{"line":1,"column":67}},"3":{"start":{"line":2,"column":0},"end":{"line":2,"column":75}},"4":{"start":{"line":7,"column":1},"end":{"line":18,"column":2}},"5":{"start":{"line":8,"column":27},"end":{"line":8,"column":60}},"6":{"start":{"line":9,"column":2},"end":{"line":9,"column":78}},"7":{"start":{"line":9,"column":13},"end":{"line":9,"column":78}},"8":{"start":{"line":10,"column":23},"end":{"line":10,"column":43}},"9":{"start":{"line":11,"column":2},"end":{"line":13,"column":3}},"10":{"start":{"line":12,"column":3},"end":{"line":12,"column":43}},"11":{"start":{"line":14,"column":15},"end":{"line":14,"column":63}},"12":{"start":{"line":15,"column":2},"end":{"line":15,"column":33}},"13":{"start":{"line":17,"column":2},"end":{"line":17,"column":47}},"14":{"start":{"line":22,"column":1},"end":{"line":29,"column":2}},"15":{"start":{"line":23,"column":27},"end":{"line":23,"column":57}},"16":{"start":{"line":24,"column":2},"end":{"line":24,"column":78}},"17":{"start":{"line":24,"column":13},"end":{"line":24,"column":78}},"18":{"start":{"line":25,"column":26},"end":{"line":25,"column":48}},"19":{"start":{"line":26,"column":2},"end":{"line":26,"column":40}},"20":{"start":{"line":28,"column":2},"end":{"line":28,"column":47}}},"fnMap":{"0":{"name":"register","decl":{"start":{"line":6,"column":22},"end":{"line":6,"column":30}},"loc":{"start":{"line":6,"column":58},"end":{"line":19,"column":1}}},"1":{"name":"login","decl":{"start":{"line":21,"column":22},"end":{"line":21,"column":27}},"loc":{"start":{"line":21,"column":55},"end":{"line":30,"column":1}}}},"branchMap":{"0":{"loc":{"start":{"line":9,"column":2},"end":{"line":9,"column":78}},"type":"if","locations":[{"start":{"line":9,"column":2},"end":{"line":9,"column":78}},{"start":{},"end":{}}]},"1":{"loc":{"start":{"line":11,"column":2},"end":{"line":13,"column":3}},"type":"if","locations":[{"start":{"line":11,"column":2},"end":{"line":13,"column":3}},{"start":{},"end":{}}]},"2":{"loc":{"start":{"line":11,"column":6},"end":{"line":11,"column":40}},"type":"binary-expr","locations":[{"start":{"line":11,"column":6},"end":{"line":11,"column":14}},{"start":{"line":11,"column":19},"end":{"line":11,"column":40}}]},"3":{"loc":{"start":{"line":24,"column":2},"end":{"line":24,"column":78}},"type":"if","locations":[{"start":{"line":24,"column":2},"end":{"line":24,"column":78}},{"start":{},"end":{}}]}},"s":{"0":2,"1":2,"2":2,"3":2,"4":1,"5":1,"6":1,"7":0,"8":1,"9":1,"10":0,"11":1,"12":1,"13":0,"14":2,"15":2,"16":2,"17":0,"18":2,"19":2,"20":0},"f":{"0":1,"1":2},"b":{"0":[0,1],"1":[0,1],"2":[1,0],"3":[0,2]}}
,"D:\\Kab\\chores\\Solve-it\\E-Learning-Platform\\src\\controllers\\company.controller.ts": {"path":"D:\\Kab\\chores\\Solve-it\\E-Learning-Platform\\src\\controllers\\company.controller.ts","statementMap":{"0":{"start":{"line":5,"column":0},"end":{"line":5,"column":7}},"1":{"start":{"line":16,"column":0},"end":{"line":16,"column":7}},"2":{"start":{"line":25,"column":0},"end":{"line":25,"column":7}},"3":{"start":{"line":1,"column":0},"end":{"line":1,"column":93}},"4":{"start":{"line":2,"column":0},"end":{"line":2,"column":72}},"5":{"start":{"line":6,"column":26},"end":{"line":6,"column":66}},"6":{"start":{"line":7,"column":1},"end":{"line":7,"column":77}},"7":{"start":{"line":7,"column":12},"end":{"line":7,"column":77}},"8":{"start":{"line":8,"column":1},"end":{"line":13,"column":2}},"9":{"start":{"line":9,"column":18},"end":{"line":9,"column":46}},"10":{"start":{"line":10,"column":2},"end":{"line":10,"column":36}},"11":{"start":{"line":12,"column":2},"end":{"line":12,"column":47}},"12":{"start":{"line":17,"column":1},"end":{"line":22,"column":2}},"13":{"start":{"line":18,"column":18},"end":{"line":18,"column":53}},"14":{"start":{"line":19,"column":2},"end":{"line":19,"column":24}},"15":{"start":{"line":21,"column":2},"end":{"line":21,"column":47}},"16":{"start":{"line":26,"column":20},"end":{"line":26,"column":28}},"17":{"start":{"line":27,"column":1},"end":{"line":27,"column":75}},"18":{"start":{"line":27,"column":14},"end":{"line":27,"column":75}},"19":{"start":{"line":28,"column":1},"end":{"line":33,"column":2}},"20":{"start":{"line":29,"column":18},"end":{"line":29,"column":60}},"21":{"start":{"line":30,"column":2},"end":{"line":30,"column":24}},"22":{"start":{"line":32,"column":2},"end":{"line":32,"column":47}}},"fnMap":{"0":{"name":"register","decl":{"start":{"line":5,"column":22},"end":{"line":5,"column":30}},"loc":{"start":{"line":5,"column":58},"end":{"line":14,"column":1}}},"1":{"name":"approve","decl":{"start":{"line":16,"column":22},"end":{"line":16,"column":29}},"loc":{"start":{"line":16,"column":57},"end":{"line":23,"column":1}}},"2":{"name":"reject","decl":{"start":{"line":25,"column":22},"end":{"line":25,"column":28}},"loc":{"start":{"line":25,"column":56},"end":{"line":34,"column":1}}}},"branchMap":{"0":{"loc":{"start":{"line":7,"column":1},"end":{"line":7,"column":77}},"type":"if","locations":[{"start":{"line":7,"column":1},"end":{"line":7,"column":77}},{"start":{},"end":{}}]},"1":{"loc":{"start":{"line":27,"column":1},"end":{"line":27,"column":75}},"type":"if","locations":[{"start":{"line":27,"column":1},"end":{"line":27,"column":75}},{"start":{},"end":{}}]}},"s":{"0":2,"1":2,"2":2,"3":2,"4":2,"5":2,"6":2,"7":0,"8":2,"9":2,"10":2,"11":0,"12":1,"13":1,"14":0,"15":1,"16":1,"17":1,"18":0,"19":1,"20":1,"21":0,"22":1},"f":{"0":2,"1":1,"2":1},"b":{"0":[0,2],"1":[0,1]}}
,"D:\\Kab\\chores\\Solve-it\\E-Learning-Platform\\src\\helpers\\cloudinary.helper.ts": {"path":"D:\\Kab\\chores\\Solve-it\\E-Learning-Platform\\src\\helpers\\cloudinary.helper.ts","statementMap":{"0":{"start":{"line":1,"column":0},"end":{"line":1,"column":46}},"1":{"start":{"line":2,"column":0},"end":{"line":2,"column":62}},"2":{"start":{"line":3,"column":0},"end":{"line":3,"column":28}},"3":{"start":{"line":5,"column":0},"end":{"line":9,"column":3}},"4":{"start":{"line":11,"column":13},"end":{"line":17,"column":3}},"5":{"start":{"line":13,"column":31},"end":{"line":16,"column":3}},"6":{"start":{"line":19,"column":13},"end":{"line":19,"column":42}}},"fnMap":{"0":{"name":"(anonymous_1)","decl":{"start":{"line":13,"column":9},"end":{"line":13,"column":14}},"loc":{"start":{"line":13,"column":31},"end":{"line":16,"column":3}}}},"branchMap":{},"s":{"0":2,"1":2,"2":2,"3":2,"4":2,"5":0,"6":2},"f":{"0":0},"b":{}}
,"D:\\Kab\\chores\\Solve-it\\E-Learning-Platform\\src\\helpers\\email.helper.ts": {"path":"D:\\Kab\\chores\\Solve-it\\E-Learning-Platform\\src\\helpers\\email.helper.ts","statementMap":{"0":{"start":{"line":13,"column":0},"end":{"line":13,"column":7}},"1":{"start":{"line":22,"column":0},"end":{"line":22,"column":7}},"2":{"start":{"line":1,"column":0},"end":{"line":1,"column":36}},"3":{"start":{"line":3,"column":20},"end":{"line":11,"column":2}},"4":{"start":{"line":14,"column":1},"end":{"line":19,"column":4}},"5":{"start":{"line":23,"column":1},"end":{"line":28,"column":4}}},"fnMap":{"0":{"name":"sendApprovalEmail","decl":{"start":{"line":13,"column":22},"end":{"line":13,"column":39}},"loc":{"start":{"line":13,"column":68},"end":{"line":20,"column":1}}},"1":{"name":"sendRejectionEmail","decl":{"start":{"line":22,"column":22},"end":{"line":22,"column":40}},"loc":{"start":{"line":22,"column":67},"end":{"line":29,"column":1}}}},"branchMap":{"0":{"loc":{"start":{"line":5,"column":7},"end":{"line":5,"column":43}},"type":"binary-expr","locations":[{"start":{"line":5,"column":7},"end":{"line":5,"column":36}},{"start":{"line":5,"column":40},"end":{"line":5,"column":43}}]},"1":{"loc":{"start":{"line":15,"column":8},"end":{"line":15,"column":58}},"type":"binary-expr","locations":[{"start":{"line":15,"column":8},"end":{"line":15,"column":29}},{"start":{"line":15,"column":33},"end":{"line":15,"column":58}}]},"2":{"loc":{"start":{"line":24,"column":8},"end":{"line":24,"column":58}},"type":"binary-expr","locations":[{"start":{"line":24,"column":8},"end":{"line":24,"column":29}},{"start":{"line":24,"column":33},"end":{"line":24,"column":58}}]}},"s":{"0":2,"1":2,"2":2,"3":2,"4":0,"5":0},"f":{"0":0,"1":0},"b":{"0":[2,0],"1":[0,0],"2":[0,0]}}
,"D:\\Kab\\chores\\Solve-it\\E-Learning-Platform\\src\\middlewares\\auth.middleware.ts": {"path":"D:\\Kab\\chores\\Solve-it\\E-Learning-Platform\\src\\middlewares\\auth.middleware.ts","statementMap":{"0":{"start":{"line":5,"column":0},"end":{"line":5,"column":16}},"1":{"start":{"line":16,"column":0},"end":{"line":16,"column":16}},"2":{"start":{"line":2,"column":0},"end":{"line":2,"column":31}},"3":{"start":{"line":3,"column":0},"end":{"line":3,"column":50}},"4":{"start":{"line":6,"column":20},"end":{"line":6,"column":48}},"5":{"start":{"line":7,"column":15},"end":{"line":7,"column":53}},"6":{"start":{"line":8,"column":1},"end":{"line":8,"column":73}},"7":{"start":{"line":8,"column":13},"end":{"line":8,"column":73}},"8":{"start":{"line":9,"column":1},"end":{"line":13,"column":4}},"9":{"start":{"line":10,"column":2},"end":{"line":10,"column":67}},"10":{"start":{"line":10,"column":11},"end":{"line":10,"column":67}},"11":{"start":{"line":11,"column":3},"end":{"line":11,"column":27}},"12":{"start":{"line":12,"column":2},"end":{"line":12,"column":9}},"13":{"start":{"line":17,"column":15},"end":{"line":17,"column":31}},"14":{"start":{"line":18,"column":1},"end":{"line":20,"column":2}},"15":{"start":{"line":19,"column":2},"end":{"line":19,"column":58}},"16":{"start":{"line":21,"column":1},"end":{"line":21,"column":8}}},"fnMap":{"0":{"name":"authenticateToken","decl":{"start":{"line":5,"column":16},"end":{"line":5,"column":33}},"loc":{"start":{"line":5,"column":81},"end":{"line":14,"column":1}}},"1":{"name":"(anonymous_2)","decl":{"start":{"line":9,"column":31},"end":{"line":9,"column":32}},"loc":{"start":{"line":9,"column":45},"end":{"line":13,"column":2}}},"2":{"name":"isAdmin","decl":{"start":{"line":16,"column":16},"end":{"line":16,"column":23}},"loc":{"start":{"line":16,"column":71},"end":{"line":22,"column":1}}}},"branchMap":{"0":{"loc":{"start":{"line":7,"column":15},"end":{"line":7,"column":53}},"type":"binary-expr","locations":[{"start":{"line":7,"column":15},"end":{"line":7,"column":25}},{"start":{"line":7,"column":29},"end":{"line":7,"column":53}}]},"1":{"loc":{"start":{"line":8,"column":1},"end":{"line":8,"column":73}},"type":"if","locations":[{"start":{"line":8,"column":1},"end":{"line":8,"column":73}},{"start":{},"end":{}}]},"2":{"loc":{"start":{"line":10,"column":2},"end":{"line":10,"column":67}},"type":"if","locations":[{"start":{"line":10,"column":2},"end":{"line":10,"column":67}},{"start":{},"end":{}}]},"3":{"loc":{"start":{"line":18,"column":1},"end":{"line":20,"column":2}},"type":"if","locations":[{"start":{"line":18,"column":1},"end":{"line":20,"column":2}},{"start":{},"end":{}}]}},"s":{"0":2,"1":2,"2":2,"3":2,"4":2,"5":2,"6":2,"7":0,"8":2,"9":2,"10":0,"11":2,"12":2,"13":2,"14":2,"15":0,"16":2},"f":{"0":2,"1":2,"2":2},"b":{"0":[2,2],"1":[0,2],"2":[0,2],"3":[0,2]}}
,"D:\\Kab\\chores\\Solve-it\\E-Learning-Platform\\src\\models\\company.model.ts": {"path":"D:\\Kab\\chores\\Solve-it\\E-Learning-Platform\\src\\models\\company.model.ts","statementMap":{"0":{"start":{"line":1,"column":0},"end":{"line":1,"column":46}},"1":{"start":{"line":2,"column":13},"end":{"line":2,"column":41}}},"fnMap":{},"branchMap":{},"s":{"0":1,"1":1},"f":{},"b":{}}
,"D:\\Kab\\chores\\Solve-it\\E-Learning-Platform\\src\\models\\role.enum.ts": {"path":"D:\\Kab\\chores\\Solve-it\\E-Learning-Platform\\src\\models\\role.enum.ts","statementMap":{"0":{"start":{"line":1,"column":0},"end":{"line":1,"column":null}},"1":{"start":{"line":2,"column":2},"end":{"line":2,"column":null}},"2":{"start":{"line":3,"column":2},"end":{"line":3,"column":null}},"3":{"start":{"line":4,"column":2},"end":{"line":4,"column":null}}},"fnMap":{"0":{"name":"(anonymous_0)","decl":{"start":{"line":1,"column":0},"end":{"line":1,"column":12}},"loc":{"start":{"line":1,"column":16},"end":{"line":5,"column":1}}}},"branchMap":{"0":{"loc":{"start":{"line":1,"column":12},"end":{"line":1,"column":null}},"type":"binary-expr","locations":[{"start":{"line":1,"column":12},"end":{"line":1,"column":16}},{"start":{"line":1,"column":16},"end":{"line":1,"column":null}}]}},"s":{"0":2,"1":2,"2":2,"3":2},"f":{"0":2},"b":{"0":[2,2]}}
,"D:\\Kab\\chores\\Solve-it\\E-Learning-Platform\\src\\models\\user.model.ts": {"path":"D:\\Kab\\chores\\Solve-it\\E-Learning-Platform\\src\\models\\user.model.ts","statementMap":{"0":{"start":{"line":1,"column":0},"end":{"line":1,"column":23}},"1":{"start":{"line":3,"column":0},"end":{"line":3,"column":46}},"2":{"start":{"line":5,"column":13},"end":{"line":5,"column":41}}},"fnMap":{},"branchMap":{},"s":{"0":2,"1":2,"2":2},"f":{},"b":{}}
,"D:\\Kab\\chores\\Solve-it\\E-Learning-Platform\\src\\routes\\auth.routes.ts": {"path":"D:\\Kab\\chores\\Solve-it\\E-Learning-Platform\\src\\routes\\auth.routes.ts","statementMap":{"0":{"start":{"line":1,"column":0},"end":{"line":1,"column":33}},"1":{"start":{"line":2,"column":0},"end":{"line":2,"column":65}},"2":{"start":{"line":3,"column":0},"end":{"line":3,"column":54}},"3":{"start":{"line":6,"column":15},"end":{"line":6,"column":23}},"4":{"start":{"line":8,"column":0},"end":{"line":8,"column":68}},"5":{"start":{"line":9,"column":0},"end":{"line":9,"column":29}},"6":{"start":{"line":11,"column":0},"end":{"line":11,"column":22}}},"fnMap":{},"branchMap":{},"s":{"0":2,"1":2,"2":2,"3":2,"4":2,"5":2,"6":2},"f":{},"b":{}}
,"D:\\Kab\\chores\\Solve-it\\E-Learning-Platform\\src\\routes\\company.routes.ts": {"path":"D:\\Kab\\chores\\Solve-it\\E-Learning-Platform\\src\\routes\\company.routes.ts","statementMap":{"0":{"start":{"line":1,"column":0},"end":{"line":1,"column":33}},"1":{"start":{"line":2,"column":0},"end":{"line":2,"column":78}},"2":{"start":{"line":3,"column":0},"end":{"line":3,"column":76}},"3":{"start":{"line":5,"column":15},"end":{"line":5,"column":23}},"4":{"start":{"line":7,"column":0},"end":{"line":7,"column":35}},"5":{"start":{"line":8,"column":0},"end":{"line":8,"column":65}},"6":{"start":{"line":9,"column":0},"end":{"line":9,"column":63}},"7":{"start":{"line":11,"column":0},"end":{"line":11,"column":22}}},"fnMap":{},"branchMap":{},"s":{"0":2,"1":2,"2":2,"3":2,"4":2,"5":2,"6":2,"7":2},"f":{},"b":{}}
,"D:\\Kab\\chores\\Solve-it\\E-Learning-Platform\\src\\services\\auth.service.ts": {"path":"D:\\Kab\\chores\\Solve-it\\E-Learning-Platform\\src\\services\\auth.service.ts","statementMap":{"0":{"start":{"line":7,"column":0},"end":{"line":7,"column":7}},"1":{"start":{"line":27,"column":0},"end":{"line":27,"column":7}},"2":{"start":{"line":1,"column":0},"end":{"line":1,"column":46}},"3":{"start":{"line":2,"column":0},"end":{"line":2,"column":43}},"4":{"start":{"line":3,"column":0},"end":{"line":3,"column":28}},"5":{"start":{"line":4,"column":0},"end":{"line":4,"column":31}},"6":{"start":{"line":5,"column":0},"end":{"line":5,"column":66}},"7":{"start":{"line":8,"column":22},"end":{"line":8,"column":72}},"8":{"start":{"line":9,"column":1},"end":{"line":9,"column":59}},"9":{"start":{"line":9,"column":19},"end":{"line":9,"column":59}},"10":{"start":{"line":10,"column":24},"end":{"line":10,"column":55}},"11":{"start":{"line":11,"column":22},"end":{"line":11,"column":34}},"12":{"start":{"line":12,"column":1},"end":{"line":14,"column":2}},"13":{"start":{"line":13,"column":2},"end":{"line":13,"column":26}},"14":{"start":{"line":15,"column":14},"end":{"line":23,"column":3}},"15":{"start":{"line":24,"column":1},"end":{"line":24,"column":13}},"16":{"start":{"line":28,"column":14},"end":{"line":28,"column":64}},"17":{"start":{"line":29,"column":1},"end":{"line":29,"column":51}},"18":{"start":{"line":29,"column":12},"end":{"line":29,"column":51}},"19":{"start":{"line":30,"column":15},"end":{"line":30,"column":60}},"20":{"start":{"line":31,"column":1},"end":{"line":31,"column":52}},"21":{"start":{"line":31,"column":13},"end":{"line":31,"column":52}},"22":{"start":{"line":32,"column":15},"end":{"line":32,"column":104}},"23":{"start":{"line":33,"column":1},"end":{"line":33,"column":24}}},"fnMap":{"0":{"name":"registerUser","decl":{"start":{"line":7,"column":22},"end":{"line":7,"column":34}},"loc":{"start":{"line":7,"column":173},"end":{"line":25,"column":1}}},"1":{"name":"loginUser","decl":{"start":{"line":27,"column":22},"end":{"line":27,"column":31}},"loc":{"start":{"line":27,"column":88},"end":{"line":34,"column":1}}}},"branchMap":{"0":{"loc":{"start":{"line":9,"column":1},"end":{"line":9,"column":59}},"type":"if","locations":[{"start":{"line":9,"column":1},"end":{"line":9,"column":59}},{"start":{},"end":{}}]},"1":{"loc":{"start":{"line":12,"column":1},"end":{"line":14,"column":2}},"type":"if","locations":[{"start":{"line":12,"column":1},"end":{"line":14,"column":2}},{"start":{},"end":{}}]},"2":{"loc":{"start":{"line":12,"column":5},"end":{"line":12,"column":55}},"type":"binary-expr","locations":[{"start":{"line":12,"column":5},"end":{"line":12,"column":9}},{"start":{"line":12,"column":13},"end":{"line":12,"column":55}}]},"3":{"loc":{"start":{"line":20,"column":19},"end":{"line":20,"column":39}},"type":"binary-expr","locations":[{"start":{"line":20,"column":19},"end":{"line":20,"column":33}},{"start":{"line":20,"column":37},"end":{"line":20,"column":39}}]},"4":{"loc":{"start":{"line":29,"column":1},"end":{"line":29,"column":51}},"type":"if","locations":[{"start":{"line":29,"column":1},"end":{"line":29,"column":51}},{"start":{},"end":{}}]},"5":{"loc":{"start":{"line":31,"column":1},"end":{"line":31,"column":52}},"type":"if","locations":[{"start":{"line":31,"column":1},"end":{"line":31,"column":52}},{"start":{},"end":{}}]}},"s":{"0":2,"1":2,"2":2,"3":2,"4":2,"5":2,"6":2,"7":1,"8":1,"9":0,"10":1,"11":1,"12":1,"13":0,"14":1,"15":1,"16":2,"17":2,"18":0,"19":2,"20":2,"21":0,"22":2,"23":2},"f":{"0":1,"1":2},"b":{"0":[0,1],"1":[0,1],"2":[1,0],"3":[1,1],"4":[0,2],"5":[0,2]}}
,"D:\\Kab\\chores\\Solve-it\\E-Learning-Platform\\src\\services\\company.service.ts": {"path":"D:\\Kab\\chores\\Solve-it\\E-Learning-Platform\\src\\services\\company.service.ts","statementMap":{"0":{"start":{"line":6,"column":0},"end":{"line":6,"column":7}},"1":{"start":{"line":10,"column":0},"end":{"line":10,"column":7}},"2":{"start":{"line":21,"column":0},"end":{"line":21,"column":7}},"3":{"start":{"line":1,"column":0},"end":{"line":1,"column":46}},"4":{"start":{"line":2,"column":0},"end":{"line":2,"column":80}},"5":{"start":{"line":3,"column":0},"end":{"line":3,"column":37}},"6":{"start":{"line":4,"column":0},"end":{"line":4,"column":28}},"7":{"start":{"line":7,"column":1},"end":{"line":7,"column":40}},"8":{"start":{"line":11,"column":18},"end":{"line":11,"column":48}},"9":{"start":{"line":12,"column":24},"end":{"line":12,"column":55}},"10":{"start":{"line":13,"column":17},"end":{"line":16,"column":3}},"11":{"start":{"line":17,"column":1},"end":{"line":17,"column":50}},"12":{"start":{"line":18,"column":1},"end":{"line":18,"column":16}},"13":{"start":{"line":22,"column":17},"end":{"line":25,"column":3}},"14":{"start":{"line":26,"column":1},"end":{"line":26,"column":49}},"15":{"start":{"line":27,"column":1},"end":{"line":27,"column":16}}},"fnMap":{"0":{"name":"registerCompany","decl":{"start":{"line":6,"column":22},"end":{"line":6,"column":37}},"loc":{"start":{"line":6,"column":107},"end":{"line":8,"column":1}}},"1":{"name":"approveCompany","decl":{"start":{"line":10,"column":22},"end":{"line":10,"column":36}},"loc":{"start":{"line":10,"column":54},"end":{"line":19,"column":1}}},"2":{"name":"rejectCompany","decl":{"start":{"line":21,"column":22},"end":{"line":21,"column":35}},"loc":{"start":{"line":21,"column":69},"end":{"line":28,"column":1}}}},"branchMap":{},"s":{"0":2,"1":2,"2":2,"3":2,"4":2,"5":2,"6":2,"7":2,"8":1,"9":1,"10":1,"11":0,"12":0,"13":1,"14":0,"15":0},"f":{"0":2,"1":1,"2":1},"b":{}}
,"D:\\Kab\\chores\\Solve-it\\E-Learning-Platform\\src\\validators\\auth.validator.ts": {"path":"D:\\Kab\\chores\\Solve-it\\E-Learning-Platform\\src\\validators\\auth.validator.ts","statementMap":{"0":{"start":{"line":1,"column":0},"end":{"line":1,"column":22}},"1":{"start":{"line":3,"column":13},"end":{"line":9,"column":3}},"2":{"start":{"line":11,"column":13},"end":{"line":14,"column":3}}},"fnMap":{},"branchMap":{},"s":{"0":2,"1":2,"2":2},"f":{},"b":{}}
,"D:\\Kab\\chores\\Solve-it\\E-Learning-Platform\\src\\validators\\company.validator.ts": {"path":"D:\\Kab\\chores\\Solve-it\\E-Learning-Platform\\src\\validators\\company.validator.ts","statementMap":{"0":{"start":{"line":1,"column":0},"end":{"line":1,"column":22}},"1":{"start":{"line":3,"column":13},"end":{"line":8,"column":3}}},"fnMap":{},"branchMap":{},"s":{"0":2,"1":2},"f":{},"b":{}}
}
