{"D:\\Kab\\chores\\Solve-it\\E-Learning-Platform\\src\\server.ts": {"path":"D:\\Kab\\chores\\Solve-it\\E-Learning-Platform\\src\\server.ts","statementMap":{"0":{"start":{"line":1,"column":0},"end":{"line":1,"column":23}},"1":{"start":{"line":2,"column":0},"end":{"line":2,"column":30}},"2":{"start":{"line":3,"column":0},"end":{"line":3,"column":46}},"3":{"start":{"line":6,"column":12},"end":{"line":6,"column":21}},"4":{"start":{"line":7,"column":13},"end":{"line":7,"column":37}},"5":{"start":{"line":8,"column":15},"end":{"line":8,"column":46}},"6":{"start":{"line":10,"column":0},"end":{"line":10,"column":24}},"7":{"start":{"line":11,"column":0},"end":{"line":11,"column":38}},"8":{"start":{"line":13,"column":0},"end":{"line":13,"column":64}},"9":{"start":{"line":13,"column":27},"end":{"line":13,"column":62}},"10":{"start":{"line":15,"column":15},"end":{"line":17,"column":2}},"11":{"start":{"line":16,"column":2},"end":{"line":16,"column":48}},"12":{"start":{"line":20,"column":9},"end":{"line":20,"column":15}},"13":{"start":{"line":19,"column":0},"end":{"line":19,"column":19}}},"fnMap":{"0":{"name":"(anonymous_1)","decl":{"start":{"line":13,"column":13},"end":{"line":13,"column":14}},"loc":{"start":{"line":13,"column":27},"end":{"line":13,"column":62}}},"1":{"name":"(anonymous_2)","decl":{"start":{"line":15,"column":32},"end":{"line":15,"column":35}},"loc":{"start":{"line":15,"column":37},"end":{"line":17,"column":1}}}},"branchMap":{"0":{"loc":{"start":{"line":7,"column":13},"end":{"line":7,"column":37}},"type":"binary-expr","locations":[{"start":{"line":7,"column":13},"end":{"line":7,"column":29}},{"start":{"line":7,"column":33},"end":{"line":7,"column":37}}]},"1":{"loc":{"start":{"line":8,"column":15},"end":{"line":8,"column":46}},"type":"binary-expr","locations":[{"start":{"line":8,"column":15},"end":{"line":8,"column":33}},{"start":{"line":8,"column":37},"end":{"line":8,"column":46}}]}},"s":{"0":1,"1":1,"2":1,"3":1,"4":1,"5":1,"6":1,"7":1,"8":1,"9":0,"10":1,"11":1,"12":1,"13":1},"f":{"0":0,"1":1},"b":{"0":[1,0],"1":[1,0]}}
,"D:\\Kab\\chores\\Solve-it\\E-Learning-Platform\\src\\config\\jwt.config.ts": {"path":"D:\\Kab\\chores\\Solve-it\\E-Learning-Platform\\src\\config\\jwt.config.ts","statementMap":{"0":{"start":{"line":1,"column":13},"end":{"line":1,"column":70}},"1":{"start":{"line":2,"column":13},"end":{"line":2,"column":35}}},"fnMap":{},"branchMap":{"0":{"loc":{"start":{"line":1,"column":26},"end":{"line":1,"column":69}},"type":"binary-expr","locations":[{"start":{"line":1,"column":26},"end":{"line":1,"column":48}},{"start":{"line":1,"column":52},"end":{"line":1,"column":69}}]}},"s":{"0":1,"1":1},"f":{},"b":{"0":[1,0]}}
,"D:\\Kab\\chores\\Solve-it\\E-Learning-Platform\\src\\controllers\\auth.controller.ts": {"path":"D:\\Kab\\chores\\Solve-it\\E-Learning-Platform\\src\\controllers\\auth.controller.ts","statementMap":{"0":{"start":{"line":6,"column":0},"end":{"line":6,"column":7}},"1":{"start":{"line":21,"column":0},"end":{"line":21,"column":7}},"2":{"start":{"line":1,"column":0},"end":{"line":1,"column":67}},"3":{"start":{"line":2,"column":0},"end":{"line":2,"column":75}},"4":{"start":{"line":7,"column":1},"end":{"line":18,"column":2}},"5":{"start":{"line":8,"column":27},"end":{"line":8,"column":60}},"6":{"start":{"line":9,"column":2},"end":{"line":9,"column":78}},"7":{"start":{"line":9,"column":13},"end":{"line":9,"column":78}},"8":{"start":{"line":10,"column":23},"end":{"line":10,"column":43}},"9":{"start":{"line":11,"column":2},"end":{"line":13,"column":3}},"10":{"start":{"line":12,"column":3},"end":{"line":12,"column":43}},"11":{"start":{"line":14,"column":15},"end":{"line":14,"column":63}},"12":{"start":{"line":15,"column":2},"end":{"line":15,"column":33}},"13":{"start":{"line":17,"column":2},"end":{"line":17,"column":47}},"14":{"start":{"line":22,"column":1},"end":{"line":29,"column":2}},"15":{"start":{"line":23,"column":27},"end":{"line":23,"column":57}},"16":{"start":{"line":24,"column":2},"end":{"line":24,"column":78}},"17":{"start":{"line":24,"column":13},"end":{"line":24,"column":78}},"18":{"start":{"line":25,"column":26},"end":{"line":25,"column":48}},"19":{"start":{"line":26,"column":2},"end":{"line":26,"column":40}},"20":{"start":{"line":28,"column":2},"end":{"line":28,"column":47}}},"fnMap":{"0":{"name":"register","decl":{"start":{"line":6,"column":22},"end":{"line":6,"column":30}},"loc":{"start":{"line":6,"column":58},"end":{"line":19,"column":1}}},"1":{"name":"login","decl":{"start":{"line":21,"column":22},"end":{"line":21,"column":27}},"loc":{"start":{"line":21,"column":55},"end":{"line":30,"column":1}}}},"branchMap":{"0":{"loc":{"start":{"line":9,"column":2},"end":{"line":9,"column":78}},"type":"if","locations":[{"start":{"line":9,"column":2},"end":{"line":9,"column":78}},{"start":{},"end":{}}]},"1":{"loc":{"start":{"line":11,"column":2},"end":{"line":13,"column":3}},"type":"if","locations":[{"start":{"line":11,"column":2},"end":{"line":13,"column":3}},{"start":{},"end":{}}]},"2":{"loc":{"start":{"line":11,"column":6},"end":{"line":11,"column":40}},"type":"binary-expr","locations":[{"start":{"line":11,"column":6},"end":{"line":11,"column":14}},{"start":{"line":11,"column":19},"end":{"line":11,"column":40}}]},"3":{"loc":{"start":{"line":24,"column":2},"end":{"line":24,"column":78}},"type":"if","locations":[{"start":{"line":24,"column":2},"end":{"line":24,"column":78}},{"start":{},"end":{}}]}},"s":{"0":1,"1":1,"2":1,"3":1,"4":1,"5":1,"6":1,"7":0,"8":1,"9":1,"10":0,"11":1,"12":1,"13":0,"14":1,"15":1,"16":1,"17":0,"18":1,"19":1,"20":0},"f":{"0":1,"1":1},"b":{"0":[0,1],"1":[0,1],"2":[1,0],"3":[0,1]}}
,"D:\\Kab\\chores\\Solve-it\\E-Learning-Platform\\src\\helpers\\cloudinary.helper.ts": {"path":"D:\\Kab\\chores\\Solve-it\\E-Learning-Platform\\src\\helpers\\cloudinary.helper.ts","statementMap":{"0":{"start":{"line":1,"column":0},"end":{"line":1,"column":46}},"1":{"start":{"line":2,"column":0},"end":{"line":2,"column":62}},"2":{"start":{"line":3,"column":0},"end":{"line":3,"column":28}},"3":{"start":{"line":5,"column":0},"end":{"line":9,"column":3}},"4":{"start":{"line":11,"column":13},"end":{"line":17,"column":3}},"5":{"start":{"line":13,"column":31},"end":{"line":16,"column":3}},"6":{"start":{"line":19,"column":13},"end":{"line":19,"column":42}}},"fnMap":{"0":{"name":"(anonymous_1)","decl":{"start":{"line":13,"column":9},"end":{"line":13,"column":14}},"loc":{"start":{"line":13,"column":31},"end":{"line":16,"column":3}}}},"branchMap":{},"s":{"0":1,"1":1,"2":1,"3":1,"4":1,"5":0,"6":1},"f":{"0":0},"b":{}}
,"D:\\Kab\\chores\\Solve-it\\E-Learning-Platform\\src\\models\\role.enum.ts": {"path":"D:\\Kab\\chores\\Solve-it\\E-Learning-Platform\\src\\models\\role.enum.ts","statementMap":{"0":{"start":{"line":1,"column":0},"end":{"line":1,"column":null}},"1":{"start":{"line":2,"column":2},"end":{"line":2,"column":null}},"2":{"start":{"line":3,"column":2},"end":{"line":3,"column":null}},"3":{"start":{"line":4,"column":2},"end":{"line":4,"column":null}}},"fnMap":{"0":{"name":"(anonymous_0)","decl":{"start":{"line":1,"column":0},"end":{"line":1,"column":12}},"loc":{"start":{"line":1,"column":16},"end":{"line":5,"column":1}}}},"branchMap":{"0":{"loc":{"start":{"line":1,"column":12},"end":{"line":1,"column":null}},"type":"binary-expr","locations":[{"start":{"line":1,"column":12},"end":{"line":1,"column":16}},{"start":{"line":1,"column":16},"end":{"line":1,"column":null}}]}},"s":{"0":1,"1":1,"2":1,"3":1},"f":{"0":1},"b":{"0":[1,1]}}
,"D:\\Kab\\chores\\Solve-it\\E-Learning-Platform\\src\\models\\user.model.ts": {"path":"D:\\Kab\\chores\\Solve-it\\E-Learning-Platform\\src\\models\\user.model.ts","statementMap":{"0":{"start":{"line":1,"column":0},"end":{"line":1,"column":23}},"1":{"start":{"line":3,"column":0},"end":{"line":3,"column":46}},"2":{"start":{"line":5,"column":13},"end":{"line":5,"column":41}}},"fnMap":{},"branchMap":{},"s":{"0":1,"1":1,"2":1},"f":{},"b":{}}
,"D:\\Kab\\chores\\Solve-it\\E-Learning-Platform\\src\\routes\\auth.routes.ts": {"path":"D:\\Kab\\chores\\Solve-it\\E-Learning-Platform\\src\\routes\\auth.routes.ts","statementMap":{"0":{"start":{"line":1,"column":0},"end":{"line":1,"column":33}},"1":{"start":{"line":2,"column":0},"end":{"line":2,"column":65}},"2":{"start":{"line":3,"column":0},"end":{"line":3,"column":54}},"3":{"start":{"line":6,"column":15},"end":{"line":6,"column":23}},"4":{"start":{"line":8,"column":0},"end":{"line":8,"column":68}},"5":{"start":{"line":9,"column":0},"end":{"line":9,"column":29}},"6":{"start":{"line":11,"column":0},"end":{"line":11,"column":22}}},"fnMap":{},"branchMap":{},"s":{"0":1,"1":1,"2":1,"3":1,"4":1,"5":1,"6":1},"f":{},"b":{}}
,"D:\\Kab\\chores\\Solve-it\\E-Learning-Platform\\src\\services\\auth.service.ts": {"path":"D:\\Kab\\chores\\Solve-it\\E-Learning-Platform\\src\\services\\auth.service.ts","statementMap":{"0":{"start":{"line":7,"column":0},"end":{"line":7,"column":7}},"1":{"start":{"line":27,"column":0},"end":{"line":27,"column":7}},"2":{"start":{"line":1,"column":0},"end":{"line":1,"column":46}},"3":{"start":{"line":2,"column":0},"end":{"line":2,"column":43}},"4":{"start":{"line":3,"column":0},"end":{"line":3,"column":28}},"5":{"start":{"line":4,"column":0},"end":{"line":4,"column":31}},"6":{"start":{"line":5,"column":0},"end":{"line":5,"column":66}},"7":{"start":{"line":8,"column":22},"end":{"line":8,"column":72}},"8":{"start":{"line":9,"column":1},"end":{"line":9,"column":59}},"9":{"start":{"line":9,"column":19},"end":{"line":9,"column":59}},"10":{"start":{"line":10,"column":24},"end":{"line":10,"column":55}},"11":{"start":{"line":11,"column":22},"end":{"line":11,"column":34}},"12":{"start":{"line":12,"column":1},"end":{"line":14,"column":2}},"13":{"start":{"line":13,"column":2},"end":{"line":13,"column":26}},"14":{"start":{"line":15,"column":14},"end":{"line":23,"column":3}},"15":{"start":{"line":24,"column":1},"end":{"line":24,"column":13}},"16":{"start":{"line":28,"column":14},"end":{"line":28,"column":64}},"17":{"start":{"line":29,"column":1},"end":{"line":29,"column":51}},"18":{"start":{"line":29,"column":12},"end":{"line":29,"column":51}},"19":{"start":{"line":30,"column":15},"end":{"line":30,"column":60}},"20":{"start":{"line":31,"column":1},"end":{"line":31,"column":52}},"21":{"start":{"line":31,"column":13},"end":{"line":31,"column":52}},"22":{"start":{"line":32,"column":15},"end":{"line":32,"column":104}},"23":{"start":{"line":33,"column":1},"end":{"line":33,"column":24}}},"fnMap":{"0":{"name":"registerUser","decl":{"start":{"line":7,"column":22},"end":{"line":7,"column":34}},"loc":{"start":{"line":7,"column":173},"end":{"line":25,"column":1}}},"1":{"name":"loginUser","decl":{"start":{"line":27,"column":22},"end":{"line":27,"column":31}},"loc":{"start":{"line":27,"column":88},"end":{"line":34,"column":1}}}},"branchMap":{"0":{"loc":{"start":{"line":9,"column":1},"end":{"line":9,"column":59}},"type":"if","locations":[{"start":{"line":9,"column":1},"end":{"line":9,"column":59}},{"start":{},"end":{}}]},"1":{"loc":{"start":{"line":12,"column":1},"end":{"line":14,"column":2}},"type":"if","locations":[{"start":{"line":12,"column":1},"end":{"line":14,"column":2}},{"start":{},"end":{}}]},"2":{"loc":{"start":{"line":12,"column":5},"end":{"line":12,"column":55}},"type":"binary-expr","locations":[{"start":{"line":12,"column":5},"end":{"line":12,"column":9}},{"start":{"line":12,"column":13},"end":{"line":12,"column":55}}]},"3":{"loc":{"start":{"line":20,"column":19},"end":{"line":20,"column":39}},"type":"binary-expr","locations":[{"start":{"line":20,"column":19},"end":{"line":20,"column":33}},{"start":{"line":20,"column":37},"end":{"line":20,"column":39}}]},"4":{"loc":{"start":{"line":29,"column":1},"end":{"line":29,"column":51}},"type":"if","locations":[{"start":{"line":29,"column":1},"end":{"line":29,"column":51}},{"start":{},"end":{}}]},"5":{"loc":{"start":{"line":31,"column":1},"end":{"line":31,"column":52}},"type":"if","locations":[{"start":{"line":31,"column":1},"end":{"line":31,"column":52}},{"start":{},"end":{}}]}},"s":{"0":1,"1":1,"2":1,"3":1,"4":1,"5":1,"6":1,"7":1,"8":1,"9":0,"10":1,"11":1,"12":1,"13":0,"14":1,"15":1,"16":1,"17":1,"18":0,"19":1,"20":1,"21":0,"22":1,"23":1},"f":{"0":1,"1":1},"b":{"0":[0,1],"1":[0,1],"2":[1,0],"3":[1,1],"4":[0,1],"5":[0,1]}}
,"D:\\Kab\\chores\\Solve-it\\E-Learning-Platform\\src\\validators\\auth.validator.ts": {"path":"D:\\Kab\\chores\\Solve-it\\E-Learning-Platform\\src\\validators\\auth.validator.ts","statementMap":{"0":{"start":{"line":1,"column":0},"end":{"line":1,"column":22}},"1":{"start":{"line":3,"column":13},"end":{"line":9,"column":3}},"2":{"start":{"line":11,"column":13},"end":{"line":14,"column":3}}},"fnMap":{},"branchMap":{},"s":{"0":1,"1":1,"2":1},"f":{},"b":{}}
}
