TN:
SF:src\server.ts
FN:15,(anonymous_1)
FN:17,(anonymous_2)
FNF:2
FNH:1
FNDA:0,(anonymous_1)
FNDA:2,(anonymous_2)
DA:1,2
DA:2,2
DA:3,2
DA:4,2
DA:7,2
DA:8,2
DA:9,2
DA:11,2
DA:12,2
DA:13,2
DA:15,2
DA:17,2
DA:18,2
DA:21,2
DA:22,2
LF:15
LH:15
BRDA:8,0,0,2
BRDA:8,0,1,0
BRDA:9,1,0,2
BRDA:9,1,1,0
BRF:4
BRH:2
end_of_record
TN:
SF:src\config\jwt.config.ts
FNF:0
FNH:0
DA:1,2
DA:2,2
LF:2
LH:2
BRDA:1,0,0,2
BRDA:1,0,1,0
BRF:2
BRH:1
end_of_record
TN:
SF:src\controllers\auth.controller.ts
FN:6,register
FN:21,login
FNF:2
FNH:2
FNDA:1,register
FNDA:2,login
DA:1,2
DA:2,2
DA:6,2
DA:7,1
DA:8,1
DA:9,1
DA:10,1
DA:11,1
DA:12,0
DA:14,1
DA:15,1
DA:17,0
DA:21,2
DA:22,2
DA:23,2
DA:24,2
DA:25,2
DA:26,2
DA:28,0
LF:19
LH:16
BRDA:9,0,0,0
BRDA:9,0,1,1
BRDA:11,1,0,0
BRDA:11,1,1,1
BRDA:11,2,0,1
BRDA:11,2,1,0
BRDA:24,3,0,0
BRDA:24,3,1,2
BRF:8
BRH:4
end_of_record
TN:
SF:src\controllers\company.controller.ts
FN:5,register
FN:16,approve
FN:25,reject
FNF:3
FNH:3
FNDA:2,register
FNDA:1,approve
FNDA:1,reject
DA:1,2
DA:2,2
DA:5,2
DA:6,2
DA:7,2
DA:8,2
DA:9,2
DA:10,2
DA:12,0
DA:16,2
DA:17,1
DA:18,1
DA:19,0
DA:21,1
DA:25,2
DA:26,1
DA:27,1
DA:28,1
DA:29,1
DA:30,0
DA:32,1
LF:21
LH:18
BRDA:7,0,0,0
BRDA:7,0,1,2
BRDA:27,1,0,0
BRDA:27,1,1,1
BRF:4
BRH:2
end_of_record
TN:
SF:src\helpers\cloudinary.helper.ts
FN:13,(anonymous_1)
FNF:1
FNH:0
FNDA:0,(anonymous_1)
DA:1,2
DA:2,2
DA:3,2
DA:5,2
DA:11,2
DA:13,0
DA:19,2
LF:7
LH:6
BRF:0
BRH:0
end_of_record
TN:
SF:src\helpers\email.helper.ts
FN:13,sendApprovalEmail
FN:22,sendRejectionEmail
FNF:2
FNH:0
FNDA:0,sendApprovalEmail
FNDA:0,sendRejectionEmail
DA:1,2
DA:3,2
DA:13,2
DA:14,0
DA:22,2
DA:23,0
LF:6
LH:4
BRDA:5,0,0,2
BRDA:5,0,1,0
BRDA:15,1,0,0
BRDA:15,1,1,0
BRDA:24,2,0,0
BRDA:24,2,1,0
BRF:6
BRH:1
end_of_record
TN:
SF:src\middlewares\auth.middleware.ts
FN:5,authenticateToken
FN:9,(anonymous_2)
FN:16,isAdmin
FNF:3
FNH:3
FNDA:2,authenticateToken
FNDA:2,(anonymous_2)
FNDA:2,isAdmin
DA:2,2
DA:3,2
DA:5,2
DA:6,2
DA:7,2
DA:8,2
DA:9,2
DA:10,2
DA:11,2
DA:12,2
DA:16,2
DA:17,2
DA:18,2
DA:19,0
DA:21,2
LF:15
LH:14
BRDA:7,0,0,2
BRDA:7,0,1,2
BRDA:8,1,0,0
BRDA:8,1,1,2
BRDA:10,2,0,0
BRDA:10,2,1,2
BRDA:18,3,0,0
BRDA:18,3,1,2
BRF:8
BRH:5
end_of_record
TN:
SF:src\models\company.model.ts
FNF:0
FNH:0
DA:1,1
DA:2,1
LF:2
LH:2
BRF:0
BRH:0
end_of_record
TN:
SF:src\models\role.enum.ts
FN:1,(anonymous_0)
FNF:1
FNH:1
FNDA:2,(anonymous_0)
DA:1,2
DA:2,2
DA:3,2
DA:4,2
LF:4
LH:4
BRDA:1,0,0,2
BRDA:1,0,1,2
BRF:2
BRH:2
end_of_record
TN:
SF:src\models\user.model.ts
FNF:0
FNH:0
DA:1,2
DA:3,2
DA:5,2
LF:3
LH:3
BRF:0
BRH:0
end_of_record
TN:
SF:src\routes\auth.routes.ts
FNF:0
FNH:0
DA:1,2
DA:2,2
DA:3,2
DA:6,2
DA:8,2
DA:9,2
DA:11,2
LF:7
LH:7
BRF:0
BRH:0
end_of_record
TN:
SF:src\routes\company.routes.ts
FNF:0
FNH:0
DA:1,2
DA:2,2
DA:3,2
DA:5,2
DA:7,2
DA:8,2
DA:9,2
DA:11,2
LF:8
LH:8
BRF:0
BRH:0
end_of_record
TN:
SF:src\services\auth.service.ts
FN:7,registerUser
FN:27,loginUser
FNF:2
FNH:2
FNDA:1,registerUser
FNDA:2,loginUser
DA:1,2
DA:2,2
DA:3,2
DA:4,2
DA:5,2
DA:7,2
DA:8,1
DA:9,1
DA:10,1
DA:11,1
DA:12,1
DA:13,0
DA:15,1
DA:24,1
DA:27,2
DA:28,2
DA:29,2
DA:30,2
DA:31,2
DA:32,2
DA:33,2
LF:21
LH:20
BRDA:9,0,0,0
BRDA:9,0,1,1
BRDA:12,1,0,0
BRDA:12,1,1,1
BRDA:12,2,0,1
BRDA:12,2,1,0
BRDA:20,3,0,1
BRDA:20,3,1,1
BRDA:29,4,0,0
BRDA:29,4,1,2
BRDA:31,5,0,0
BRDA:31,5,1,2
BRF:12
BRH:7
end_of_record
TN:
SF:src\services\company.service.ts
FN:6,registerCompany
FN:10,approveCompany
FN:21,rejectCompany
FNF:3
FNH:3
FNDA:2,registerCompany
FNDA:1,approveCompany
FNDA:1,rejectCompany
DA:1,2
DA:2,2
DA:3,2
DA:4,2
DA:6,2
DA:7,2
DA:10,2
DA:11,1
DA:12,1
DA:13,1
DA:17,0
DA:18,0
DA:21,2
DA:22,1
DA:26,0
DA:27,0
LF:16
LH:12
BRF:0
BRH:0
end_of_record
TN:
SF:src\validators\auth.validator.ts
FNF:0
FNH:0
DA:1,2
DA:3,2
DA:11,2
LF:3
LH:3
BRF:0
BRH:0
end_of_record
TN:
SF:src\validators\company.validator.ts
FNF:0
FNH:0
DA:1,2
DA:3,2
LF:2
LH:2
BRF:0
BRH:0
end_of_record
