TN:
SF:src\server.ts
FN:15,(anonymous_1)
FN:17,(anonymous_2)
FNF:2
FNH:1
FNDA:0,(anonymous_1)
FNDA:2,(anonymous_2)
DA:1,2
DA:2,2
DA:3,2
DA:4,2
DA:7,2
DA:8,2
DA:9,2
DA:11,2
DA:12,2
DA:13,2
DA:15,2
DA:17,2
DA:18,2
DA:21,2
DA:22,2
LF:15
LH:15
BRDA:8,0,0,2
BRDA:8,0,1,0
BRDA:9,1,0,2
BRDA:9,1,1,0
BRF:4
BRH:2
end_of_record
TN:
SF:src\config\jwt.config.ts
FNF:0
FNH:0
DA:1,2
DA:2,2
LF:2
LH:2
BRDA:1,0,0,2
BRDA:1,0,1,0
BRF:2
BRH:1
end_of_record
TN:
SF:src\controllers\auth.controller.ts
FN:6,register
FN:21,login
FNF:2
FNH:2
FNDA:4,register
FNDA:4,login
DA:1,2
DA:2,2
DA:6,2
DA:7,4
DA:8,4
DA:9,4
DA:10,3
DA:11,3
DA:12,0
DA:14,3
DA:15,1
DA:17,2
DA:21,2
DA:22,4
DA:23,4
DA:24,4
DA:25,3
DA:26,2
DA:28,1
LF:19
LH:18
BRDA:9,0,0,1
BRDA:9,0,1,3
BRDA:11,1,0,0
BRDA:11,1,1,3
BRDA:11,2,0,3
BRDA:11,2,1,0
BRDA:24,3,0,1
BRDA:24,3,1,3
BRF:8
BRH:6
end_of_record
TN:
SF:src\controllers\company.controller.ts
FN:5,register
FN:16,approve
FN:25,reject
FNF:3
FNH:3
FNDA:7,register
FNDA:2,approve
FNDA:4,reject
DA:1,2
DA:2,2
DA:5,2
DA:6,7
DA:7,7
DA:8,6
DA:9,6
DA:10,3
DA:12,3
DA:16,2
DA:17,2
DA:18,2
DA:19,2
DA:21,0
DA:25,2
DA:26,4
DA:28,4
DA:29,3
DA:30,3
DA:31,1
DA:33,2
DA:34,1
DA:36,1
LF:23
LH:22
BRDA:7,0,0,1
BRDA:7,0,1,6
BRDA:28,1,0,1
BRDA:28,1,1,3
BRDA:33,2,0,1
BRDA:33,2,1,1
BRF:6
BRH:6
end_of_record
TN:
SF:src\helpers\cloudinary.helper.ts
FN:13,(anonymous_1)
FNF:1
FNH:0
FNDA:0,(anonymous_1)
DA:1,2
DA:2,2
DA:3,2
DA:5,2
DA:11,2
DA:13,0
DA:19,2
LF:7
LH:6
BRF:0
BRH:0
end_of_record
TN:
SF:src\helpers\email.helper.ts
FN:13,sendApprovalEmail
FN:22,sendRejectionEmail
FNF:2
FNH:2
FNDA:2,sendApprovalEmail
FNDA:1,sendRejectionEmail
DA:1,2
DA:3,2
DA:13,2
DA:14,2
DA:22,2
DA:23,1
LF:6
LH:6
BRDA:5,0,0,2
BRDA:5,0,1,0
BRDA:15,1,0,2
BRDA:15,1,1,2
BRDA:24,2,0,1
BRDA:24,2,1,1
BRF:6
BRH:5
end_of_record
TN:
SF:src\middlewares\auth.middleware.ts
FN:5,authenticateToken
FN:9,(anonymous_2)
FN:16,isAdmin
FNF:3
FNH:3
FNDA:6,authenticateToken
FNDA:6,(anonymous_2)
FNDA:6,isAdmin
DA:2,2
DA:3,2
DA:5,2
DA:6,6
DA:7,6
DA:8,6
DA:9,6
DA:10,6
DA:11,6
DA:12,6
DA:16,2
DA:17,6
DA:18,6
DA:19,0
DA:21,6
LF:15
LH:14
BRDA:7,0,0,6
BRDA:7,0,1,6
BRDA:8,1,0,0
BRDA:8,1,1,6
BRDA:10,2,0,0
BRDA:10,2,1,6
BRDA:18,3,0,0
BRDA:18,3,1,6
BRF:8
BRH:5
end_of_record
TN:
SF:src\models\company.model.ts
FNF:0
FNH:0
DA:1,1
DA:2,1
LF:2
LH:2
BRF:0
BRH:0
end_of_record
TN:
SF:src\models\role.enum.ts
FN:1,(anonymous_0)
FNF:1
FNH:1
FNDA:2,(anonymous_0)
DA:1,2
DA:2,2
DA:3,2
DA:4,2
LF:4
LH:4
BRDA:1,0,0,2
BRDA:1,0,1,2
BRF:2
BRH:2
end_of_record
TN:
SF:src\models\user.model.ts
FNF:0
FNH:0
DA:1,2
DA:3,2
DA:5,2
LF:3
LH:3
BRF:0
BRH:0
end_of_record
TN:
SF:src\routes\auth.routes.ts
FNF:0
FNH:0
DA:1,2
DA:2,2
DA:3,2
DA:6,2
DA:8,2
DA:9,2
DA:11,2
LF:7
LH:7
BRF:0
BRH:0
end_of_record
TN:
SF:src\routes\company.routes.ts
FNF:0
FNH:0
DA:1,2
DA:2,2
DA:3,2
DA:5,2
DA:7,2
DA:8,2
DA:9,2
DA:11,2
LF:8
LH:8
BRF:0
BRH:0
end_of_record
TN:
SF:src\services\auth.service.ts
FN:7,registerUser
FN:27,loginUser
FNF:2
FNH:2
FNDA:3,registerUser
FNDA:3,loginUser
DA:1,2
DA:2,2
DA:3,2
DA:4,2
DA:5,2
DA:7,2
DA:8,3
DA:9,3
DA:10,1
DA:11,1
DA:12,1
DA:13,0
DA:15,1
DA:24,1
DA:27,2
DA:28,3
DA:29,3
DA:30,2
DA:31,2
DA:32,2
DA:33,2
LF:21
LH:20
BRDA:9,0,0,2
BRDA:9,0,1,1
BRDA:12,1,0,0
BRDA:12,1,1,1
BRDA:12,2,0,1
BRDA:12,2,1,0
BRDA:20,3,0,1
BRDA:20,3,1,1
BRDA:29,4,0,1
BRDA:29,4,1,2
BRDA:31,5,0,0
BRDA:31,5,1,2
BRF:12
BRH:9
end_of_record
TN:
SF:src\services\company.service.ts
FN:6,registerCompany
FN:10,approveCompany
FN:21,rejectCompany
FNF:3
FNH:3
FNDA:6,registerCompany
FNDA:2,approveCompany
FNDA:3,rejectCompany
DA:1,2
DA:2,2
DA:3,2
DA:4,2
DA:6,2
DA:7,6
DA:10,2
DA:11,2
DA:12,2
DA:13,2
DA:17,2
DA:18,2
DA:21,2
DA:23,3
DA:24,3
DA:25,1
DA:26,1
DA:27,1
DA:30,2
DA:31,1
DA:32,1
DA:33,1
DA:35,1
DA:39,1
DA:40,1
LF:25
LH:25
BRDA:24,0,0,1
BRDA:24,0,1,2
BRDA:30,1,0,1
BRDA:30,1,1,1
BRF:4
BRH:4
end_of_record
TN:
SF:src\validators\auth.validator.ts
FNF:0
FNH:0
DA:1,2
DA:3,2
DA:11,2
LF:3
LH:3
BRF:0
BRH:0
end_of_record
TN:
SF:src\validators\company.validator.ts
FNF:0
FNH:0
DA:1,2
DA:3,2
LF:2
LH:2
BRF:0
BRH:0
end_of_record
